First iteration
1
time: 40.668205
2
time: 14.414655
time: 26.297546
4
time: 5.111523
time: 9.311131
time: 12.050952
time: 14.230763
8
time: 1.811831
time: 3.299693
time: 4.263629
time: 5.039562
time: 5.711492
time: 6.323437
time: 6.901543
time: 7.394444

2nd iteration
1
time: 40.668205
2
time: 14.406655
time: 26.301546
4
time: 5.111523
time: 9.299133
time: 12.038954
time: 14.242761
8
time: 1.811831
time: 3.299693
time: 4.259629
time: 5.047561
time: 5.711491
time: 6.323437
time: 6.883382
time: 7.410776

3rd iteration
1
time: 40.684203
2
time: 14.410655
time: 26.285547
4
time: 5.111523
time: 9.311131
time: 12.046953
time: 14.278758
8
time: 1.811831
time: 3.299692
time: 4.267629
time: 5.043562
time: 5.719490
time: 6.315438
time: 6.898208
time: 7.393216
